<?xml version="1.0"?>

<!--
  Ce composant contribue un service des unites structurelles et directions factice.
-->
<component name="fr.dila.solonepg.core.mockusanddirection">
  <implementation class="fr.dila.solonepg.webengine.wsutil.MockUsAndDirectionService" />
  
  <service>
    <provide interface="fr.dila.st.api.service.organigramme.STUsAndDirectionService"/>
  </service>
</component>
