<?xml version="1.0"?>

<!--
  Ce composant contribue un service des ministeres factice.
-->
<component name="fr.dila.solonepg.core.mockministeres">
  <implementation class="fr.dila.solonepg.webengine.wsutil.MockMinisteresService" />
  
  <service>
    <provide interface="fr.dila.st.api.service.organigramme.STMinisteresService"/>
  </service>
</component>
