<?xml version="1.0"?>
<!--
  Ce composant initialise les documents pour le test unitaire TestJointureServiceActiviteNormative
-->
<component name="fr.dila.solonepg.core.tests.contenttemplatean">
  <require>fr.dila.cm.contentTemplate</require>
  <require>fr.dila.st.core.type</require>

  <extension target="org.nuxeo.ecm.platform.content.template.service.ContentTemplateService" point="factoryBinding">
    
    <factoryBinding name="DomainFactory" factoryName="SimpleTemplateFactory" targetType="Domain">
      <template>
        <templateItem typeName="Folder" id="dossier-root" title="DossierRoot" />
      </template>
    </factoryBinding>

    <factoryBinding name="DossierRootFactory" factoryName="SimpleTemplateFactory" targetType="Folder">
      <template>
      
        <templateItem typeName="Dossier" id="dossier-01">
          <properties>
            <property xpath="dos:typeActe" value="3"/>
            <property xpath="dos:numeroNor" value="PRMG8500001C "/>
          </properties>
        </templateItem>


     </template>

    </factoryBinding>

   </extension>
   
</component>