<?xml version="1.0"?>

<!--
  Ce composant contribue un service d'organigramme factice.
-->
<component name="fr.dila.solonepg.core.mockuser">
  <implementation class="fr.dila.solonepg.webengine.wsutil.MockUserService" />
  
  <service>
    <provide interface="fr.dila.solonepg.api.service.EpgOrganigrammeService"/>
    <provide interface="fr.dila.st.api.service.STUserService"/>
  </service>
</component>
