<?xml version="1.0"?>

<!--
  Ce composant contribue un service d'organigramme factice.
-->
<component name="fr.dila.solonepg.core.mockorga">
  <implementation class="fr.dila.solonepg.webengine.wsutil.MockOrganigrammeService" />
  
  <service>
    <provide interface="fr.dila.solonepg.api.service.EpgOrganigrammeService"/>
    <provide interface="fr.dila.st.api.service.organigramme.OrganigrammeService"/>
  </service>
</component>
