<?xml version="1.0"?>

<component name="fr.dila.solonepg.core.test.datasources-contrib">

	<extension target="org.nuxeo.runtime.datasource" point="datasources">
		<datasource name="jdbc/organigramme-provider" driverClassName="org.h2.Driver" maxPoolSize="20" minPoolSize="5">
			<property name="url">jdbc:h2:mem:test;DB_CLOSE_DELAY=-1</property>
		</datasource>
		<datasource name="jdbc/sword-provider" driverClassName="org.h2.Driver" maxPoolSize="20" minPoolSize="5">
			<property name="url">jdbc:h2:mem:test;DB_CLOSE_DELAY=-1</property>
		</datasource>
	</extension>

</component>
