<?xml version="1.0"?>
<component name="fr.dila.solonepg.core.test.listeners">

  <extension target="org.nuxeo.ecm.core.event.EventServiceComponent"
    point="listener">

    <listener name="updateFicheListener" async="false" postCommit="false"
      class="fr.dila.solonepg.core.test.FakeUpdateFichePresentationListener"
      priority="120">
      <event>updateFichePresentationAfterUpdateBordereau</event>
    </listener>
  </extension>

</component>
