<?xml version="1.0"?>
<!-- Ce composant initialise les documents pour le test unitaire TestJointureServiceActiviteNormative -->
<component name="fr.dila.solonepg.core.tests.contenttemplatean">
	<require>fr.dila.cm.contentTemplate</require>
	<require>fr.dila.st.core.type</require>
	<require>fr.dila.solonepg.contentTemplateService</require>

	<extension
		target="org.nuxeo.ecm.platform.content.template.service.ContentTemplateService"
		point="factoryBinding">

		<factoryBinding name="ActiviteNormativeRootFactory"
			factoryName="SimpleTemplateFactory" targetType="ActiviteNormativeRoot">
			<template>

				<templateItem typeName="ActiviteNormative" id="loi01">
					<properties>
						<property xpath="texm:observation" value="Loi" />
						<property xpath="texm:champLibre" value="argh" />
						<property xpath="norma:applicationLoi" value="1" />
						<property xpath="texm:dateReunionProgrammation" value="2012-08-10" />
					</properties>
				</templateItem>

				<templateItem typeName="ActiviteNormative" id="loi01-mesure01">
					<properties>
						<property xpath="texm:observation" value="Mesure" />
						<property xpath="texm:champLibre" value="toto" />
						<property xpath="texm:baseLegale"
							value="Article L230-2, code rural et de la pêche maritime, livre II, titre III, chapitre préliminaire" />
					</properties>
				</templateItem>

				<templateItem typeName="ActiviteNormative" id="loi01-mesure10">
					<properties>
						<property xpath="texm:observation" value="Mesure" />
						<property xpath="texm:champLibre" value="tata" />
					</properties>
				</templateItem>

				<templateItem typeName="ActiviteNormative" id="loi01-mesure11">
					<properties>
						<property xpath="texm:observation" value="Mesure" />
						<property xpath="texm:champLibre" value="tata" />
					</properties>
				</templateItem>

				<templateItem typeName="ActiviteNormative" id="loi01-mesure20">
					<properties>
						<property xpath="texm:observation" value="Mesure" />
						<property xpath="texm:champLibre" value="titi" />
					</properties>
				</templateItem>

				<templateItem typeName="ActiviteNormative" id="loi01-mesure01-decret01">
					<properties>
						<property xpath="texm:observation" value="Decret" />
						<property xpath="texm:champLibre" value="tete" />
					</properties>
				</templateItem>

			</template>

		</factoryBinding>

	</extension>

</component>