<?xml version="1.0"?>
<component name="fr.dila.solonepg.core.tests.RechercheService">

	<implementation class="fr.dila.solonepg.core.service.RechercheServiceImpl" />
	<service>
		<provide interface="fr.dila.solonepg.api.service.RechercheService" />
	</service>
	<extension-point name="recherches">
		<object class="fr.dila.solonepg.core.service.RechercheImpl" />
	</extension-point>

</component>