<?xml version="1.0"?>
<component name="fr.dila.solonepg.core.tests.type">

	<extension target="org.nuxeo.ecm.core.schema.TypeService"
		point="schema">
		<schema name="requete_simple" src="schemas/requete_simple.xsd"
			prefix="rqs" />
		<schema name="requete_complexe" src="schemas/requete_complexe.xsd"
			prefix="rqc" />
	</extension>

	<extension target="org.nuxeo.ecm.core.schema.TypeService"
		point="doctype">
		<doctype name="RequeteSimple" extends="Document">
			<schema name="common" />
			<schema name="dublincore" />
			<schema name="requete_simple" />
		</doctype>

		<doctype name="RequeteComplexe" extends="Document">
			<schema name="common" />
			<schema name="dublincore" />
			<schema name="requete_complexe" />
		</doctype>
	</extension>
</component>