<?xml version="1.0"?>
<component name="fr.dila.solonepg.core.tests.undeclaredfacets">

	<extension target="org.nuxeo.ecm.core.schema.TypeService"
		point="doctype">
		<facet name="DocumentRoute" />
		<facet name="Mailbox" />
		<facet name="CaseLink" />
	</extension>

</component>