<?xml version="1.0"?>

<component name="fr.dila.solonepg.test.event">
	<extension target="org.nuxeo.ecm.core.event.EventServiceComponent"
		point="listener">
		<listener name="classificationListener" enabled="false">
		</listener>
	</extension>
</component>
